<?xml version="1.0" encoding="UTF-8"?>
<!-- Generated by org.testng.reporters.JUnitReportReporter -->
<testsuite hostname="Ujjvals-MacBook-Pro.local" failures="0" tests="1" name="com.qa.spectool.test.CreatPageTest" time="54.537" errors="0" timestamp="23 May 2022 12:19:02 GMT" skipped="0">
  <testcase classname="com.qa.spectool.test.CreatPageTest" name="basicProjectDeatilsTest" time="54.537"/>
</testsuite> <!-- com.qa.spectool.test.CreatPageTest -->
